<?xml version="1.0" encoding="UTF-8"?>
<!-- Generated by org.testng.reporters.JUnitReportReporter -->
<testsuite hostname="Prakash" failures="0" tests="13" name="com.api.testing.RestAssuredTest.AppTest" time="6.160" errors="0" timestamp="2025-03-21T01:05:24 IST" skipped="0">
  <testcase classname="com.api.testing.RestAssuredTest.AppTest" name="testUserSignup" time="3.090"/>
  <testcase classname="com.api.testing.RestAssuredTest.AppTest" name="testUserLogin" time="1.913"/>
  <testcase classname="com.api.testing.RestAssuredTest.AppTest" name="testCreateBook" time="0.099"/>
  <testcase classname="com.api.testing.RestAssuredTest.AppTest" name="testGetBookById" time="0.073"/>
  <testcase classname="com.api.testing.RestAssuredTest.AppTest" name="testDeleteBook" time="0.044"/>
  <testcase classname="com.api.testing.RestAssuredTest.AppTest" name="testInvalidLogin" time="0.038"/>
  <testcase classname="com.api.testing.RestAssuredTest.AppTest" name="testUnauthorizedAccess" time="0.029"/>
  <testcase classname="com.api.testing.RestAssuredTest.AppTest" name="testCreateMultipleBooks" time="0.054"/>
  <testcase classname="com.api.testing.RestAssuredTest.AppTest" name="testCreateMultipleBooks" time="0.038"/>
  <testcase classname="com.api.testing.RestAssuredTest.AppTest" name="testCreateMultipleBooks" time="0.046"/>
  <testcase classname="com.api.testing.RestAssuredTest.AppTest" name="testSignupWithExistingEmail" time="0.030"/>
  <testcase classname="com.api.testing.RestAssuredTest.AppTest" name="testLoginWithIncorrectPassword" time="0.676"/>
  <testcase classname="com.api.testing.RestAssuredTest.AppTest" name="testGetBookWithInvalidId" time="0.030"/>
</testsuite> <!-- com.api.testing.RestAssuredTest.AppTest -->
